<?xml version="1.0" encoding="UTF-8"?>
<!-- Generated by org.testng.reporters.JUnitReportReporter -->
<testsuite skipped="0" hostname="ip-172-31-15-199" name="test.CrossBrowser" tests="4" failures="0" timestamp="2021-02-23T06:12:00 UTC" time="29.313" errors="0">
  <testcase name="LaunchChrome" time="2.197" classname="test.CrossBrowser"/>
  <system-out/>
  <testcase name="LaunchFirefox" time="4.276" classname="test.CrossBrowser"/>
  <system-out/>
  <testcase name="testcase1" time="2.598" classname="test.CrossBrowser"/>
  <system-out/>
  <testcase name="testcase2" time="20.242" classname="test.CrossBrowser"/>
  <system-out/>
</testsuite> <!-- test.CrossBrowser -->
