<?xml version="1.0" encoding="UTF-8"?>
<!-- Generated by org.testng.reporters.JUnitReportReporter -->
<testsuite skipped="0" hostname="ip-172-31-15-199" name="test.LoginTest" tests="1" failures="0" timestamp="2021-02-22T07:06:46 UTC" time="5.471" errors="0">
  <testcase name="testcase1" time="5.471" classname="test.LoginTest"/>
  <system-out/>
</testsuite> <!-- test.LoginTest -->
