<?xml version="1.0" encoding="UTF-8"?>
<!-- Generated by org.testng.reporters.JUnitReportReporter -->
<testsuite skipped="0" hostname="ip-172-31-15-199" name="test.ReadExcel" tests="1" failures="0" timestamp="2021-02-23T06:08:10 UTC" time="4.765" errors="0">
  <testcase name="testcase1" time="4.765" classname="test.ReadExcel"/>
  <system-out/>
</testsuite> <!-- test.ReadExcel -->
